<?xml version="1.0" encoding="UTF-8" ?>
<testsuites errors="4"
            failures="3"
            tests="1">

  <testsuite name="aurora"
    errors="4" failures="3" hostname="" id="" package="aurora" skipped="0"
    tests="1" time="28.20" timestamp="">
  
    <testcase name="Page Sections" classname="aurora" time="28.20" assertions="22">

    

    

    

    

    

    

    

    

    

    

      <failure message="Testing if element &lt;Element [name=@currentJobs]&gt; is visible in 5000ms - expected &#34;is visible&#34; but got: &#34;element could not be located&#34; (5116ms)">    at Page.pageThreeSections (/Users/jcabreros/Documents/Test Automations/Aurora Innovation/pageObjects/auroraObj.js:50:21)
    at /Users/jcabreros/Documents/Test Automations/Aurora Innovation/tests/aurora.js:46:20
    at Array.forEach (&lt;anonymous&gt;)
    at Object.Page Sections (/Users/jcabreros/Documents/Test Automations/Aurora Innovation/tests/aurora.js:45:27)</failure>

    

    

    

    

    

    

      <failure message="Testing if element &lt;Element [name=@currentJobs]&gt; is visible in 5000ms - expected &#34;is visible&#34; but got: &#34;element could not be located&#34; (5127ms)">    at Page.currentJobs (/Users/jcabreros/Documents/Test Automations/Aurora Innovation/pageObjects/auroraObj.js:70:21)
    at Object.Page Sections (/Users/jcabreros/Documents/Test Automations/Aurora Innovation/tests/aurora.js:52:16)</failure>

    

    

      <failure message="Testing if element &lt;Element [name=@titleSearch]&gt; is visible in 5000ms - expected &#34;is visible&#34; but got: &#34;element could not be located&#34; (5126ms)">    at Page.currentJobs (/Users/jcabreros/Documents/Test Automations/Aurora Innovation/pageObjects/auroraObj.js:73:21)
    at Object.Page Sections (/Users/jcabreros/Documents/Test Automations/Aurora Innovation/tests/aurora.js:52:16)</failure>

    
    <error message="Error while running &#34;visible&#34; command: Testing if element [0;33m&lt;Element [name=@titleSearch]&gt;[0m is visible in 5000ms - expected [0;32m&#34;is visible&#34;[0m but got: [0;31m&#34;element could not be located&#34;[0m [0;90m(5126ms)[0m" type="error"><![CDATA[
        at Page.currentJobs (/Users/jcabreros/Documents/Test Automations/Aurora Innovation/pageObjects/auroraObj.js:73:21)
    at Object.Page Sections (/Users/jcabreros/Documents/Test Automations/Aurora Innovation/tests/aurora.js:52:16)
    ]]></error>
    
    </testcase>
  

  
    <system-err>
        NoSuchElementError: An error occurred while running .getLocationInView() command on &lt;Element [name=@currentJobs]&gt;: SyntaxError: Failed to execute &#39;evaluate&#39; on &#39;Document&#39;: The string &#39;#openings&#39; is not a valid XPath expression.,  (Session info: chrome=86.0.4240.111),  (Driver info: chromedriver=86.0.4240.22 (398b0743353ff36fb1b82468f63a3a93b4e2e89e-refs/branch-heads/4240@{#378}),platform=Mac OS X 11.0.0 x86_64); invalid selector: Unable to locate an element with the xpath expression #openings because of the following error:
   {&#34;status&#34;:-1,&#34;state&#34;:&#34;&#34;,&#34;code&#34;:&#34;&#34;,&#34;value&#34;:{&#34;message&#34;:&#34;invalid selector: Unable to locate an element with the xpath expression #openings because of the following error:&#34;,&#34;error&#34;:[&#34;SyntaxError: Failed to execute &#39;evaluate&#39; on &#39;Document&#39;: The string &#39;#openings&#39; is not a valid XPath expression.&#34;,&#34;  (Session info: chrome=86.0.4240.111)&#34;,&#34;  (Driver info: chromedriver=86.0.4240.22 (398b0743353ff36fb1b82468f63a3a93b4e2e89e-refs/branch-heads/4240@{#378}),platform=Mac OS X 11.0.0 x86_64)&#34;]},&#34;errorStatus&#34;:32,&#34;error&#34;:&#34;The supplied argument was an invalid selector (e.g. XPath/CSS). – invalid selector: Unable to locate an element with the...&#34;,&#34;httpStatusCode&#34;:200}
       at processTicksAndRejections (internal/process/task_queues.js:97:5)
  NoSuchElementError: An error occurred while running .isVisible() command on &lt;Element [name=@currentJobs]&gt;: SyntaxError: Failed to execute &#39;evaluate&#39; on &#39;Document&#39;: The string &#39;#openings&#39; is not a valid XPath expression.,  (Session info: chrome=86.0.4240.111),  (Driver info: chromedriver=86.0.4240.22 (398b0743353ff36fb1b82468f63a3a93b4e2e89e-refs/branch-heads/4240@{#378}),platform=Mac OS X 11.0.0 x86_64); invalid selector: Unable to locate an element with the xpath expression #openings because of the following error:
   {&#34;status&#34;:-1,&#34;state&#34;:&#34;&#34;,&#34;code&#34;:&#34;&#34;,&#34;value&#34;:{&#34;message&#34;:&#34;invalid selector: Unable to locate an element with the xpath expression #openings because of the following error:&#34;,&#34;error&#34;:[&#34;SyntaxError: Failed to execute &#39;evaluate&#39; on &#39;Document&#39;: The string &#39;#openings&#39; is not a valid XPath expression.&#34;,&#34;  (Session info: chrome=86.0.4240.111)&#34;,&#34;  (Driver info: chromedriver=86.0.4240.22 (398b0743353ff36fb1b82468f63a3a93b4e2e89e-refs/branch-heads/4240@{#378}),platform=Mac OS X 11.0.0 x86_64)&#34;]},&#34;errorStatus&#34;:32,&#34;error&#34;:&#34;The supplied argument was an invalid selector (e.g. XPath/CSS). – invalid selector: Unable to locate an element with the...&#34;,&#34;httpStatusCode&#34;:200}
       at processTicksAndRejections (internal/process/task_queues.js:97:5)
  NoSuchElementError: An error occurred while running .isVisible() command on &lt;Element [name=@currentJobs]&gt;: SyntaxError: Failed to execute &#39;evaluate&#39; on &#39;Document&#39;: The string &#39;#openings&#39; is not a valid XPath expression.,  (Session info: chrome=86.0.4240.111),  (Driver info: chromedriver=86.0.4240.22 (398b0743353ff36fb1b82468f63a3a93b4e2e89e-refs/branch-heads/4240@{#378}),platform=Mac OS X 11.0.0 x86_64); invalid selector: Unable to locate an element with the xpath expression #openings because of the following error:
   {&#34;status&#34;:-1,&#34;state&#34;:&#34;&#34;,&#34;code&#34;:&#34;&#34;,&#34;value&#34;:{&#34;message&#34;:&#34;invalid selector: Unable to locate an element with the xpath expression #openings because of the following error:&#34;,&#34;error&#34;:[&#34;SyntaxError: Failed to execute &#39;evaluate&#39; on &#39;Document&#39;: The string &#39;#openings&#39; is not a valid XPath expression.&#34;,&#34;  (Session info: chrome=86.0.4240.111)&#34;,&#34;  (Driver info: chromedriver=86.0.4240.22 (398b0743353ff36fb1b82468f63a3a93b4e2e89e-refs/branch-heads/4240@{#378}),platform=Mac OS X 11.0.0 x86_64)&#34;]},&#34;errorStatus&#34;:32,&#34;error&#34;:&#34;The supplied argument was an invalid selector (e.g. XPath/CSS). – invalid selector: Unable to locate an element with the...&#34;,&#34;httpStatusCode&#34;:200}
       at processTicksAndRejections (internal/process/task_queues.js:97:5)
  NoSuchElementError: An error occurred while running .isVisible() command on &lt;Element [name=@titleSearch]&gt;: SyntaxError: Failed to execute &#39;evaluate&#39; on &#39;Document&#39;: The string &#39;#form-input-control-search-job-title&#39; is not a valid XPath expression.,  (Session info: chrome=86.0.4240.111),  (Driver info: chromedriver=86.0.4240.22 (398b0743353ff36fb1b82468f63a3a93b4e2e89e-refs/branch-heads/4240@{#378}),platform=Mac OS X 11.0.0 x86_64); invalid selector: Unable to locate an element with the xpath expression #form-input-control-search-job-title because of the following error:
   {&#34;status&#34;:-1,&#34;state&#34;:&#34;&#34;,&#34;code&#34;:&#34;&#34;,&#34;value&#34;:{&#34;message&#34;:&#34;invalid selector: Unable to locate an element with the xpath expression #form-input-control-search-job-title because of the following error:&#34;,&#34;error&#34;:[&#34;SyntaxError: Failed to execute &#39;evaluate&#39; on &#39;Document&#39;: The string &#39;#form-input-control-search-job-title&#39; is not a valid XPath expression.&#34;,&#34;  (Session info: chrome=86.0.4240.111)&#34;,&#34;  (Driver info: chromedriver=86.0.4240.22 (398b0743353ff36fb1b82468f63a3a93b4e2e89e-refs/branch-heads/4240@{#378}),platform=Mac OS X 11.0.0 x86_64)&#34;]},&#34;errorStatus&#34;:32,&#34;error&#34;:&#34;The supplied argument was an invalid selector (e.g. XPath/CSS). – invalid selector: Unable to locate an element with the...&#34;,&#34;httpStatusCode&#34;:200}
       at processTicksAndRejections (internal/process/task_queues.js:97:5)
    </system-err>
  

    

  
  </testsuite>
</testsuites>
